<?xml version="1.0" encoding="UTF-8"?>
<!-- Generated by org.testng.reporters.JUnitXMLReporter -->
<testsuite hostname="HMECL001767" ignored="0" name="EdgeTest" tests="2" failures="0" timestamp="30 May 2018 10:36:14 GMT" time="1.52" errors="0">
  <testcase name="@BeforeTest beforeTest" time="1.293" classname="myfirsttestpackeage.clsUserSignUp">
    <failure type="java.lang.NullPointerException">
      <![CDATA[java.lang.NullPointerException
at myfirsttestpackeage.clsUserSignUp.beforeTest(clsUserSignUp.java:423)
... Removed 24 stack frames]]>
    </failure>
  </testcase> <!-- @BeforeTest beforeTest -->
  <testcase name="@AfterTest afterTest" time="0.0" classname="myfirsttestpackeage.clsUserSignUp">
    <skipped/>
  </testcase> <!-- @AfterTest afterTest -->
  <testcase name="fnUserRegForm" time="0.0" classname="myfirsttestpackeage.clsUserSignUp">
    <skipped/>
  </testcase> <!-- fnUserRegForm -->
  <testcase name="Confirm" time="0.0" classname="myfirsttestpackeage.clsUserSignUp">
    <skipped/>
  </testcase> <!-- Confirm -->
</testsuite> <!-- EdgeTest -->
