<?xml version="1.0" encoding="UTF-8"?>
<!-- Generated by org.testng.reporters.JUnitXMLReporter -->
<testsuite hostname="HMECL001767" ignored="0" name="FirefoxTest" tests="2" failures="0" timestamp="17 May 2018 12:05:02 GMT" time="45.333" errors="0">
  <testcase name="@BeforeTest beforeTest" time="45.269" classname="myfirsttestpackeage.clsUserSignUp">
    <failure type="java.lang.NullPointerException">
      <![CDATA[java.lang.NullPointerException
at myfirsttestpackeage.clsUserSignUp.beforeTest(clsUserSignUp.java:420)
... Removed 24 stack frames]]>
    </failure>
  </testcase> <!-- @BeforeTest beforeTest -->
  <testcase name="@AfterTest afterTest" time="0.0" classname="myfirsttestpackeage.clsUserSignUp">
    <skipped/>
  </testcase> <!-- @AfterTest afterTest -->
  <testcase name="fnUserRegForm" time="0.0" classname="myfirsttestpackeage.clsUserSignUp">
    <skipped/>
  </testcase> <!-- fnUserRegForm -->
  <testcase name="Confirm" time="0.0" classname="myfirsttestpackeage.clsUserSignUp">
    <skipped/>
  </testcase> <!-- Confirm -->
</testsuite> <!-- FirefoxTest -->
